<?xml version="1.0" encoding="UTF-8"?>
<!-- Generated by org.testng.reporters.JUnitReportReporter -->
<testsuite hostname="DESKTOP-G0IG718" failures="0" tests="3" name="test.E2EsearcAndAddItemToCart" time="77.551" errors="0" timestamp="2024-02-26T02:18:25 IST" skipped="0">
  <testcase classname="test.E2EsearcAndAddItemToCart" name="searchNonExistingItem" time="19.444"/>
  <testcase classname="test.E2EsearcAndAddItemToCart" name="searchAndAddItemToCartTest" time="38.829"/>
  <testcase classname="test.E2EsearcAndAddItemToCart" name="searchItemTest" time="19.278"/>
</testsuite> <!-- test.E2EsearcAndAddItemToCart -->
