<?xml version="1.0" encoding="UTF-8"?>
<!-- Generated by org.testng.reporters.JUnitReportReporter -->
<testsuite hostname="DESKTOP-G0IG718" failures="0" tests="6" name="test.SignUpTest" time="96.281" errors="0" timestamp="2024-02-26T01:54:35 IST" skipped="0">
  <testcase classname="test.SignUpTest" name="passwordNotEqualsConformpassword" time="15.044"/>
  <testcase classname="test.SignUpTest" name="SignUpFunctionalityTest" time="16.697"/>
  <testcase classname="test.SignUpTest" name="InvalidPassword" time="15.338"/>
  <testcase classname="test.SignUpTest" name="InvalidSignUpFunctionality" time="17.221"/>
  <testcase classname="test.SignUpTest" name="passwordEqualsConformpassword" time="17.818"/>
  <testcase classname="test.SignUpTest" name="InvalidMobileNumber" time="14.163"/>
</testsuite> <!-- test.SignUpTest -->
