<?xml version="1.0" encoding="UTF-8"?>
<!-- Generated by org.testng.reporters.JUnitReportReporter -->
<testsuite hostname="DESKTOP-G0IG718" failures="0" tests="5" name="test.ValidUrl" time="50.481" errors="0" timestamp="2024-02-08T22:34:42 IST" skipped="0">
  <testcase classname="test.ValidUrl" name="OtherDomainValidUrl" time="7.671"/>
  <testcase classname="test.ValidUrl" name="OtherDomainValidUrl" time="6.671"/>
  <testcase classname="test.ValidUrl" name="OtherDomainValidUrl" time="5.662"/>
  <testcase classname="test.ValidUrl" name="OtherDomainValidUrl" time="6.953"/>
  <testcase classname="test.ValidUrl" name="validUrl" time="23.524"/>
</testsuite> <!-- test.ValidUrl -->
