<?xml version="1.0" encoding="UTF-8"?>
<!-- Generated by org.testng.reporters.JUnitReportReporter -->
<testsuite hostname="DESKTOP-G0IG718" failures="0" tests="3" name="scratchTest.InvalidUrlTest" time="11.235" errors="0" timestamp="2024-02-04T03:35:07 IST" skipped="0">
  <testcase classname="scratchTest.InvalidUrlTest" name="testMissingProtocol" time="2.181"/>
  <testcase classname="scratchTest.InvalidUrlTest" name="testInvalidProtocol" time="1.633"/>
  <testcase classname="scratchTest.InvalidUrlTest" name="testOtherValidDomain" time="7.421"/>
</testsuite> <!-- scratchTest.InvalidUrlTest -->
