<?xml version="1.0" encoding="UTF-8"?>
<!-- Generated by org.testng.reporters.JUnitReportReporter -->
<testsuite hostname="DESKTOP-G0IG718" failures="0" tests="2" name="scratchTest.InvalidUrlTest" time="5.765" errors="0" timestamp="2024-02-04T20:35:56 IST" skipped="0">
  <testcase classname="scratchTest.InvalidUrlTest" name="testInvalidUrl" time="3.165"/>
  <testcase classname="scratchTest.InvalidUrlTest" name="testInvalidUrl" time="2.600"/>
</testsuite> <!-- scratchTest.InvalidUrlTest -->
