<?xml version="1.0" encoding="UTF-8"?>
<!-- Generated by org.testng.reporters.JUnitReportReporter -->
<testsuite hostname="DESKTOP-G0IG718" failures="0" tests="16" name="scratchTest.MenuValidation" time="116.851" errors="0" timestamp="2024-02-09T03:20:26 IST" skipped="0">
  <testcase classname="scratchTest.MenuValidation" name="menuLinkValidationTest" time="8.762"/>
  <testcase classname="scratchTest.MenuValidation" name="menuLinkValidationTest" time="5.334"/>
  <testcase classname="scratchTest.MenuValidation" name="menuLinkValidationTest" time="4.906"/>
  <testcase classname="scratchTest.MenuValidation" name="menuLinkValidationTest" time="6.721"/>
  <testcase classname="scratchTest.MenuValidation" name="menuLinkValidationTest" time="9.769"/>
  <testcase classname="scratchTest.MenuValidation" name="menuLinkValidationTest" time="6.875"/>
  <testcase classname="scratchTest.MenuValidation" name="menuLinkValidationTest" time="7.776"/>
  <testcase classname="scratchTest.MenuValidation" name="menuLinkValidationTest" time="8.276"/>
  <testcase classname="scratchTest.MenuValidation" name="menuLinkValidationTest" time="6.008"/>
  <testcase classname="scratchTest.MenuValidation" name="menuButtonTest" time="1.438"/>
  <testcase classname="scratchTest.MenuValidation" name="menuLinkValidationTest" time="10.806"/>
  <testcase classname="scratchTest.MenuValidation" name="menuLinkValidationTest" time="5.999"/>
  <testcase classname="scratchTest.MenuValidation" name="menuLinkValidationTest" time="9.919"/>
  <testcase classname="scratchTest.MenuValidation" name="menuLinkValidationTest" time="8.077"/>
  <testcase classname="scratchTest.MenuValidation" name="menuLinkValidationTest" time="8.290"/>
  <testcase classname="scratchTest.MenuValidation" name="menuLinkValidationTest" time="7.895"/>
</testsuite> <!-- scratchTest.MenuValidation -->
