<?xml version="1.0" encoding="UTF-8"?>
<!-- Generated by org.testng.reporters.JUnitReportReporter -->
<testsuite hostname="DESKTOP-G0IG718" failures="0" tests="2" name="scratchTest.InvalidUrlTest" time="13.305" errors="0" timestamp="2024-02-08T17:51:11 IST" skipped="0">
  <testcase classname="scratchTest.InvalidUrlTest" name="testInvalidUrl" time="6.783"/>
  <testcase classname="scratchTest.InvalidUrlTest" name="testInvalidUrl" time="6.522"/>
</testsuite> <!-- scratchTest.InvalidUrlTest -->
