<?xml version="1.0" encoding="UTF-8"?>
<!-- Generated by org.testng.reporters.JUnitReportReporter -->
<testsuite hostname="DESKTOP-G0IG718" failures="0" tests="7" name="test.MenuValidation" time="186.388" errors="0" timestamp="2024-02-26T02:10:36 IST" skipped="0">
  <testcase classname="test.MenuValidation" name="InvalidmenuItemsTest" time="20.163"/>
  <testcase classname="test.MenuValidation" name="menuButtonTest" time="16.274"/>
  <testcase classname="test.MenuValidation" name="menuItemsTest" time="20.617"/>
  <testcase classname="test.MenuValidation" name="TopMenuFunctionality" time="68.611"/>
  <testcase classname="test.MenuValidation" name="menuLinkValidationTest" time="23.980"/>
  <testcase classname="test.MenuValidation" name="menuLinkValidationTest" time="19.597"/>
  <testcase classname="test.MenuValidation" name="menuLinkValidationTest" time="17.146"/>
</testsuite> <!-- test.MenuValidation -->
