<?xml version="1.0" encoding="UTF-8"?>
<!-- Generated by org.testng.reporters.JUnitReportReporter -->
<testsuite hostname="DESKTOP-G0IG718" failures="0" tests="3" name="scratchTest.E2EsearcAndAddItemToCart" time="93.196" errors="0" timestamp="2024-02-09T23:25:22 IST" skipped="0">
  <testcase classname="scratchTest.E2EsearcAndAddItemToCart" name="searchItemTest" time="26.889"/>
  <testcase classname="scratchTest.E2EsearcAndAddItemToCart" name="searchAndAddItemToCartTest" time="46.805"/>
  <testcase classname="scratchTest.E2EsearcAndAddItemToCart" name="searchNonExistingItem" time="19.502"/>
</testsuite> <!-- scratchTest.E2EsearcAndAddItemToCart -->
