<?xml version="1.0" encoding="UTF-8"?>
<!-- Generated by org.testng.reporters.JUnitReportReporter -->
<testsuite hostname="DESKTOP-G0IG718" failures="0" tests="5" name="scratchTest.ValidUrl" time="33.086" errors="0" timestamp="2024-02-04T03:34:39 IST" skipped="0">
  <testcase classname="scratchTest.ValidUrl" name="InvalidUrl" time="2.857"/>
  <testcase classname="scratchTest.ValidUrl" name="InvalidUrl" time="3.505"/>
  <testcase classname="scratchTest.ValidUrl" name="InvalidUrl" time="3.328"/>
  <testcase classname="scratchTest.ValidUrl" name="validUrl" time="20.495"/>
  <testcase classname="scratchTest.ValidUrl" name="InvalidUrl" time="2.901"/>
</testsuite> <!-- scratchTest.ValidUrl -->
