<?xml version="1.0" encoding="UTF-8"?>
<!-- Generated by org.testng.reporters.JUnitReportReporter -->
<testsuite hostname="DESKTOP-G0IG718" failures="0" tests="5" name="scratchTest.ValidateUrl" time="33.122" errors="0" timestamp="2024-02-04T03:28:27 IST" skipped="0">
  <testcase classname="scratchTest.ValidateUrl" name="InvalidUrl" time="2.786"/>
  <testcase classname="scratchTest.ValidateUrl" name="InvalidUrl" time="3.698"/>
  <testcase classname="scratchTest.ValidateUrl" name="validUrl" time="19.961"/>
  <testcase classname="scratchTest.ValidateUrl" name="InvalidUrl" time="3.096"/>
  <testcase classname="scratchTest.ValidateUrl" name="InvalidUrl" time="3.581"/>
</testsuite> <!-- scratchTest.ValidateUrl -->
