<?xml version="1.0" encoding="UTF-8"?>
<!-- Generated by org.testng.reporters.JUnitReportReporter -->
<testsuite hostname="DESKTOP-G0IG718" failures="0" tests="2" name="test.InvalidUrlTest" time="4.529" errors="0" timestamp="2024-02-11T17:25:21 IST" skipped="0">
  <testcase classname="test.InvalidUrlTest" name="testInvalidUrl" time="1.919"/>
  <testcase classname="test.InvalidUrlTest" name="testInvalidUrl" time="2.610"/>
</testsuite> <!-- test.InvalidUrlTest -->
