<?xml version="1.0" encoding="UTF-8"?>
<!-- Generated by org.testng.reporters.JUnitReportReporter -->
<testsuite hostname="DESKTOP-G0IG718" failures="0" tests="5" name="scratchTest.ValidUrl" time="50.666" errors="0" timestamp="2024-02-07T18:45:40 IST" skipped="0">
  <testcase classname="scratchTest.ValidUrl" name="OtherDomainValidUrl" time="5.510"/>
  <testcase classname="scratchTest.ValidUrl" name="OtherDomainValidUrl" time="4.853"/>
  <testcase classname="scratchTest.ValidUrl" name="OtherDomainValidUrl" time="6.568"/>
  <testcase classname="scratchTest.ValidUrl" name="OtherDomainValidUrl" time="5.888"/>
  <testcase classname="scratchTest.ValidUrl" name="validUrl" time="27.847"/>
</testsuite> <!-- scratchTest.ValidUrl -->
