<?xml version="1.0" encoding="UTF-8"?>
<!-- Generated by org.testng.reporters.JUnitReportReporter -->
<testsuite hostname="DESKTOP-G0IG718" failures="0" tests="1" name="scratchTest.LoginTest" time="17.961" errors="0" timestamp="2024-01-27T03:16:07 IST" skipped="0">
  <testcase classname="scratchTest.LoginTest" name="LoginTest1" time="17.961"/>
</testsuite> <!-- scratchTest.LoginTest -->
