<?xml version="1.0" encoding="UTF-8"?>
<!-- Generated by org.testng.reporters.JUnitReportReporter -->
<testsuite hostname="DESKTOP-G0IG718" failures="0" tests="1" name="test.ShopByDepartment" time="9.854" errors="0" timestamp="2024-02-12T01:22:16 IST" skipped="0">
  <testcase classname="test.ShopByDepartment" name="ShopByDepartmentTitlevalidation" time="9.854"/>
</testsuite> <!-- test.ShopByDepartment -->
