<?xml version="1.0" encoding="UTF-8"?>
<!-- Generated by org.testng.reporters.JUnitReportReporter -->
<testsuite hostname="DESKTOP-G0IG718" failures="0" tests="6" name="test.SignUpTest" time="81.246" errors="0" timestamp="2024-02-12T03:33:56 IST" skipped="0">
  <testcase classname="test.SignUpTest" name="passwordEqualsConformpassword" time="13.381"/>
  <testcase classname="test.SignUpTest" name="InvalidMobileNumber" time="13.937"/>
  <testcase classname="test.SignUpTest" name="InvalidPassword" time="12.750"/>
  <testcase classname="test.SignUpTest" name="InvalidSignUpFunctionality" time="12.120"/>
  <testcase classname="test.SignUpTest" name="passwordNotEqualsConformpassword" time="14.531"/>
  <testcase classname="test.SignUpTest" name="SignUpFunctionalityTest" time="14.527"/>
</testsuite> <!-- test.SignUpTest -->
