<?xml version="1.0" encoding="UTF-8"?>
<!-- Generated by org.testng.reporters.JUnitReportReporter -->
<testsuite hostname="DESKTOP-G0IG718" failures="0" tests="1" name="scratchTest.ShopByDepartment" time="45.223" errors="0" timestamp="2024-02-10T01:43:04 IST" skipped="0">
  <testcase classname="scratchTest.ShopByDepartment" name="shopByDepartmentTest" time="45.223"/>
</testsuite> <!-- scratchTest.ShopByDepartment -->
