<?xml version="1.0" encoding="UTF-8"?>
<!-- Generated by org.testng.reporters.JUnitReportReporter -->
<testsuite hostname="DESKTOP-G0IG718" failures="0" tests="1" name="scratchTest.FooterLinkValidation" time="1168.588" errors="0" timestamp="2024-02-09T06:57:20 IST" skipped="0">
  <testcase classname="scratchTest.FooterLinkValidation" name="footerLinkValidation" time="1168.588"/>
</testsuite> <!-- scratchTest.FooterLinkValidation -->
