<?xml version="1.0" encoding="UTF-8"?>
<!-- Generated by org.testng.reporters.JUnitReportReporter -->
<testsuite hostname="DESKTOP-G0IG718" failures="0" tests="6" name="scratchTest.MenuValidation" time="127.992" errors="0" timestamp="2024-02-09T04:54:34 IST" skipped="0">
  <testcase classname="scratchTest.MenuValidation" name="menuButtonTest" time="14.142"/>
  <testcase classname="scratchTest.MenuValidation" name="menuItemsTest" time="25.194"/>
  <testcase classname="scratchTest.MenuValidation" name="InvalidmenuItemsTest" time="23.815"/>
  <testcase classname="scratchTest.MenuValidation" name="menuLinkValidationTest" time="20.063"/>
  <testcase classname="scratchTest.MenuValidation" name="menuLinkValidationTest" time="24.039"/>
  <testcase classname="scratchTest.MenuValidation" name="menuLinkValidationTest" time="20.739"/>
</testsuite> <!-- scratchTest.MenuValidation -->
