<?xml version="1.0" encoding="UTF-8"?>
<!-- Generated by org.testng.reporters.JUnitReportReporter -->
<testsuite hostname="DESKTOP-G0IG718" failures="0" tests="1" name="test.ShopByDepartment" time="12.076" errors="0" timestamp="2024-02-26T01:57:13 IST" skipped="0">
  <testcase classname="test.ShopByDepartment" name="ShopByDepartmentTitlevalidation" time="12.076"/>
</testsuite> <!-- test.ShopByDepartment -->
