<?xml version="1.0" encoding="UTF-8"?>
<!-- Generated by org.testng.reporters.JUnitReportReporter -->
<testsuite hostname="DESKTOP-G0IG718" failures="0" tests="7" name="test.MenuValidation" time="155.789" errors="0" timestamp="2024-02-12T04:19:30 IST" skipped="0">
  <testcase classname="test.MenuValidation" name="menuItemsTest" time="14.307"/>
  <testcase classname="test.MenuValidation" name="menuButtonTest" time="12.079"/>
  <testcase classname="test.MenuValidation" name="TopMenuFunctionality" time="61.675"/>
  <testcase classname="test.MenuValidation" name="InvalidmenuItemsTest" time="18.090"/>
  <testcase classname="test.MenuValidation" name="menuLinkValidationTest" time="20.498"/>
  <testcase classname="test.MenuValidation" name="menuLinkValidationTest" time="17.049"/>
  <testcase classname="test.MenuValidation" name="menuLinkValidationTest" time="12.091"/>
</testsuite> <!-- test.MenuValidation -->
