<?xml version="1.0" encoding="UTF-8"?>
<!-- Generated by org.testng.reporters.JUnitReportReporter -->
<testsuite hostname="DESKTOP-G0IG718" failures="0" tests="4" name="test.ValidUrl" time="42.870" errors="0" timestamp="2024-02-26T01:56:44 IST" skipped="0">
  <testcase classname="test.ValidUrl" name="validUrlTest" time="27.089"/>
  <testcase classname="test.ValidUrl" name="OtherDomainValidUrl" time="7.433"/>
  <testcase classname="test.ValidUrl" name="testInvalidUrl" time="4.227"/>
  <testcase classname="test.ValidUrl" name="testInvalidUrl" time="4.121"/>
</testsuite> <!-- test.ValidUrl -->
