<?xml version="1.0" encoding="UTF-8"?>
<!-- Generated by org.testng.reporters.JUnitReportReporter -->
<testsuite hostname="DESKTOP-G0IG718" failures="0" tests="5" name="scratchTest.ValidUrl" time="39.051" errors="0" timestamp="2024-02-04T20:35:56 IST" skipped="0">
  <testcase classname="scratchTest.ValidUrl" name="OtherDomainValidUrl" time="5.307"/>
  <testcase classname="scratchTest.ValidUrl" name="OtherDomainValidUrl" time="5.174"/>
  <testcase classname="scratchTest.ValidUrl" name="OtherDomainValidUrl" time="4.107"/>
  <testcase classname="scratchTest.ValidUrl" name="validUrl" time="20.259"/>
  <testcase classname="scratchTest.ValidUrl" name="OtherDomainValidUrl" time="4.204"/>
</testsuite> <!-- scratchTest.ValidUrl -->
